[0.000000] (-) TimerEvent: {}
[0.000382] (decision_package) JobQueued: {'identifier': 'decision_package', 'dependencies': OrderedDict()}
[0.000652] (motor_package) JobQueued: {'identifier': 'motor_package', 'dependencies': OrderedDict()}
[0.000675] (sensor_package) JobQueued: {'identifier': 'sensor_package', 'dependencies': OrderedDict()}
[0.000694] (vision_package) JobQueued: {'identifier': 'vision_package', 'dependencies': OrderedDict()}
[0.000712] (decision_package) JobStarted: {'identifier': 'decision_package'}
[0.033050] (motor_package) JobStarted: {'identifier': 'motor_package'}
[0.056990] (sensor_package) JobStarted: {'identifier': 'sensor_package'}
[0.080778] (vision_package) JobStarted: {'identifier': 'vision_package'}
[0.099727] (-) TimerEvent: {}
[0.203185] (-) TimerEvent: {}
[0.303470] (-) TimerEvent: {}
[0.403756] (-) TimerEvent: {}
[0.504043] (-) TimerEvent: {}
[0.604360] (-) TimerEvent: {}
[0.717583] (-) TimerEvent: {}
[0.818499] (-) TimerEvent: {}
[0.921959] (-) TimerEvent: {}
[1.022312] (-) TimerEvent: {}
[1.122652] (-) TimerEvent: {}
[1.222984] (-) TimerEvent: {}
[1.323368] (-) TimerEvent: {}
[1.427294] (-) TimerEvent: {}
[1.527572] (-) TimerEvent: {}
[1.627827] (-) TimerEvent: {}
[1.728039] (-) TimerEvent: {}
[1.828247] (-) TimerEvent: {}
[1.931186] (-) TimerEvent: {}
[2.031474] (-) TimerEvent: {}
[2.131774] (-) TimerEvent: {}
[2.232067] (-) TimerEvent: {}
[2.332358] (-) TimerEvent: {}
[2.432667] (-) TimerEvent: {}
[2.532975] (-) TimerEvent: {}
[2.633322] (-) TimerEvent: {}
[2.733637] (-) TimerEvent: {}
[2.834053] (-) TimerEvent: {}
[2.934478] (-) TimerEvent: {}
[3.035375] (-) TimerEvent: {}
[3.139396] (-) TimerEvent: {}
[3.239826] (-) TimerEvent: {}
[3.340207] (-) TimerEvent: {}
[3.440592] (-) TimerEvent: {}
[3.541128] (-) TimerEvent: {}
[3.623278] (sensor_package) StderrLine: {'line': b'Traceback (most recent call last):\n  File "/usr/local/lib/python3.11/dist-packages/colcon_parallel_executor/executor/parallel.py", line 75, in execute\n    loop.run_until_complete(future)\n  File "/usr/lib/python3.11/asyncio/base_events.py", line 640, in run_until_complete\n    self.run_forever()\n  File "/usr/lib/python3.11/asyncio/base_events.py", line 607, in run_forever\n    self._run_once()\n  File "/usr/lib/python3.11/asyncio/base_events.py", line 1884, in _run_once\n    event_list = self._selector.select(timeout)\n                 ^^^^^^^^^^^^^^^^^^^^^^^^^^^^^^\n  File "/usr/lib/python3.11/selectors.py", line 468, in select\n    fd_event_list = self._selector.poll(timeout, max_ev)\n                    ^^^^^^^^^^^^^^^^^^^^^^^^^^^^^^^^^^^^\nKeyboardInterrupt\n\nDuring handling of the above exception, another exception occurred:\n\nTraceback (most recent call last):\n  File "/usr/local/lib/python3.11/dist-packages/colcon_core/executor/__init__.py", line 91, in __call__\n    rc = await self.task(*args, **kwargs)\n         ^^^^^^^^^^^^^^^^^^^^^^^^^^^^^^^^\n  File "/usr/local/lib/python3.11/dist-packages/colcon_core/task/__init__.py", line 93, in __call__\n    return await task_method(*args, **kwargs)\n           ^^^^^^^^^^^^^^^^^^^^^^^^^^^^^^^^^^\n  File "/usr/local/lib/python3.11/dist-packages/colcon_ros/task/ament_python/build.py", line 102, in build\n    return await extension.build(additional_hooks=additional_hooks)\n           ^^^^^^^^^^^^^^^^^^^^^^^^^^^^^^^^^^^^^^^^^^^^^^^^^^^^^^^^\n  File "/usr/local/lib/python3.11/dist-packages/colcon_core/task/python/build.py", line 96, in build\n    available_commands = await self._get_available_commands(\n                         ^^^^^^^^^^^^^^^^^^^^^^^^^^^^^^^^^^^\n  File "/usr/local/lib/python3.11/dist-packages/colcon_core/task/python/build.py", line 194, in _get_available_commands\n    output = await check_output(\n             ^^^^^^^^^^^^^^^^^^^\n  File "/usr/local/lib/python3.11/dist-packages/colcon_core/subprocess.py", line 129, in check_output\n    assert not rc, f\'Expected {args} to pass: {stderr_data}\'\nAssertionError: Expected [\'/usr/bin/python3\', \'-W\', \'ignore:setup.py install is deprecated\', \'-W\', \'ignore:easy_install command is deprecated\', \'setup.py\', \'--help-commands\'] to pass: Traceback (most recent call last):\n  File "/mnt/dietpi_userdata/roboBeach/src/sensor_package/setup.py", line 5, in <module>\n    setup(\n  File "/usr/local/lib/python3.11/dist-packages/setuptools/__init__.py", line 107, in setup\n    return distutils.core.setup(**attrs)\n           ^^^^^^^^^^^^^^^^^^^^^^^^^^^^^\n  File "/usr/local/lib/python3.11/dist-packages/setuptools/_distutils/core.py", line 172, in setup\n    ok = dist.parse_command_line()\n         ^^^^^^^^^^^^^^^^^^^^^^^^^\n  File "/usr/local/lib/python3.11/dist-packages/setuptools/_distutils/dist.py", line 472, in parse_command_line\n    if self.handle_display_options(option_order):\n       ^^^^^^^^^^^^^^^^^^^^^^^^^^^^^^^^^^^^^^^^^\n  File "/usr/local/lib/python3.11/dist-packages/setuptools/dist.py", line 1220, in handle_display_options\n    return _Distribution.handle_display_options(self, option_order)\n           ^^^^^^^^^^^^^^^^^^^^^^^^^^^^^^^^^^^^^^^^^^^^^^^^^^^^^^^^\n  File "/usr/local/lib/python3.11/dist-packages/setuptools/_distutils/dist.py", line 686, in handle_display_options\n    self.print_commands()\n  File "/usr/local/lib/python3.11/dist-packages/setuptools/dist.py", line 999, in print_commands\n    return _Distribution.print_commands(self)\n           ^^^^^^^^^^^^^^^^^^^^^^^^^^^^^^^^^^\n  File "/usr/local/lib/python3.11/dist-packages/setuptools/_distutils/dist.py", line 755, in print_commands\n    self.print_command_list(std_commands, "Standard commands", max_length)\n  File "/usr/local/lib/python3.11/dist-packages/setuptools/_distutils/dist.py", line 722, in print_command_list\n    klass = self.get_command_class(cmd)\n            ^^^^^^^^^^^^^^^^^^^^^^^^^^^\n  File "/usr/local/lib/python3.11/dist-packages/setuptools/dist.py", line 987, in get_command_class\n    eps = metadata.entry_points(group=\'distutils.commands\', name=command)\n          ^^^^^^^^^^^^^^^^^^^^^^^^^^^^^^^^^^^^^^^^^^^^^^^^^^^^^^^^^^^^^^^\n  File "/usr/lib/python3.11/importlib/metadata/__init__.py", line 1040, in entry_points\n    return SelectableGroups.load(eps).select(**params)\n           ^^^^^^^^^^^^^^^^^^^^^^^^^^\n  File "/usr/lib/python3.11/importlib/metadata/__init__.py", line 476, in load\n    ordered = sorted(eps, key=by_group)\n              ^^^^^^^^^^^^^^^^^^^^^^^^^\n  File "/usr/lib/python3.11/importlib/metadata/__init__.py", line 1038, in <genexpr>\n    dist.entry_points for dist in _unique(distributions())\n    ^^^^^^^^^^^^^^^^^\n  File "/usr/lib/python3.11/importlib/metadata/__init__.py", line 636, in entry_points\n    return EntryPoints._from_text_for(self.read_text(\'entry_points.txt\'), self)\n                                      ^^^^^^^^^^^^^^^^^^^^^^^^^^^^^^^^^^\n  File "/usr/lib/python3.11/importlib/metadata/__init__.py", line 938, in read_text\n    return self._path.joinpath(filename).read_text(encoding=\'utf-8\')\n           ^^^^^^^^^^^^^^^^^^^^^^^^^^^^^^^^^^^^^^^^^^^^^^^^^^^^^^^^^\n  File "/usr/lib/python3.11/pathlib.py", line 1059, in read_text\n    with self.open(mode=\'r\', encoding=encoding, errors=errors) as f:\n         ^^^^^^^^^^^^^^^^^^^^^^^^^^^^^^^^^^^^^^^^^^^^^^^^^^^^^\n  File "/usr/lib/python3.11/pathlib.py", line 1045, in open\n    return io.open(self, mode, buffering, encoding, errors, newline)\n           ^^^^^^^^^^^^^^^^^^^^^^^^^^^^^^^^^^^^^^^^^^^^^^^^^^^^^^^^^\n  File "<frozen codecs>", line 310, in __init__\n  File "<frozen codecs>", line 260, in __init__\nKeyboardInterrupt\n\n'}
[3.624254] (sensor_package) JobEnded: {'identifier': 'sensor_package', 'rc': 'SIGINT'}
[3.624590] (motor_package) JobEnded: {'identifier': 'motor_package', 'rc': 'SIGINT'}
[3.624866] (decision_package) JobEnded: {'identifier': 'decision_package', 'rc': 'SIGINT'}
[3.625091] (vision_package) JobEnded: {'identifier': 'vision_package', 'rc': 'SIGINT'}
[3.634368] (-) EventReactorShutdown: {}
